2026-04-08 11:27:15,892 [INFO] main — Starting Attendance Management System
2026-04-08 11:27:15,901 [INFO] main — Database tables ready
2026-04-08 11:27:15,901 [INFO] main — ADMS receiver listening on http://0.0.0.0:8000/iclock/cdata
2026-04-08 11:27:15,901 [INFO] main — Device allowlist: OPEN (all devices accepted)
2026-04-08 11:32:36,455 [INFO] app.routers.adms — [HANDSHAKE] Device SN=UNKNOWN from 10.0.1.176
2026-04-08 11:32:36,489 [INFO] app.routers.adms — Auto-registered new device: SN=UNKNOWN
2026-04-08 11:32:53,347 [INFO] app.routers.adms — [PUSH] Device SN=UNKNOWN table= body_len=0 bytes
2026-04-08 12:37:13,805 [INFO] main — Shutting down
2026-04-08 12:37:16,781 [INFO] main — Starting Attendance Management System
2026-04-08 12:37:16,789 [INFO] main — Database tables ready
2026-04-08 12:37:16,789 [INFO] main — ADMS receiver listening on http://0.0.0.0:8000/iclock/cdata
2026-04-08 12:37:16,789 [INFO] main — Device allowlist: OPEN (all devices accepted)
2026-04-08 14:06:22,937 [INFO] main — Shutting down
2026-04-08 14:06:28,880 [INFO] main — Starting Attendance Management System
2026-04-08 14:06:28,888 [INFO] main — Database tables ready
2026-04-08 14:06:28,888 [INFO] main — ADMS receiver listening on http://0.0.0.0:8000/iclock/cdata
2026-04-08 14:06:28,888 [INFO] main — Device allowlist: OPEN (all devices accepted)
2026-04-08 14:26:46,935 [INFO] app.routers.adms — [HANDSHAKE] Device SN=UNKNOWN from 10.0.1.176
2026-04-08 14:27:07,463 [INFO] app.routers.adms — [PUSH] Device SN=UNKNOWN table= body_len=0 bytes
2026-04-08 14:28:16,206 [INFO] main — Shutting down
2026-04-08 14:28:18,563 [INFO] main — Starting Attendance Management System
2026-04-08 14:28:18,584 [INFO] main — Database tables ready
2026-04-08 14:28:18,584 [INFO] main — ADMS receiver listening on http://0.0.0.0:8000/iclock/cdata
2026-04-08 14:28:18,585 [INFO] main — Device allowlist: OPEN (all devices accepted)
2026-04-08 14:57:25,720 [INFO] main — Shutting down
2026-04-08 14:57:40,191 [INFO] main — Starting Attendance Management System
2026-04-08 14:57:40,206 [INFO] main — Database tables ready
2026-04-08 14:57:40,206 [INFO] main — ADMS receiver listening on http://0.0.0.0:8000/iclock/cdata
2026-04-08 14:57:40,207 [INFO] main — Device allowlist: OPEN (all devices accepted)
2026-04-08 14:59:42,660 [INFO] main — Shutting down
2026-04-08 15:12:16,014 [INFO] main — Starting Attendance Management System
2026-04-08 15:12:16,029 [INFO] main — Database tables ready
2026-04-08 15:12:16,029 [INFO] main — ADMS receiver listening on http://0.0.0.0:8000/iclock/cdata
2026-04-08 15:12:16,029 [INFO] main — Device allowlist: OPEN (all devices accepted)
2026-04-09 10:47:11,898 [INFO] main — Starting Attendance Management System
2026-04-09 10:47:11,917 [INFO] main — Database tables ready
2026-04-09 10:47:11,918 [INFO] main — ADMS receiver listening on http://0.0.0.0:8000/iclock/cdata
2026-04-09 10:47:11,918 [INFO] main — Device allowlist: OPEN (all devices accepted)
2026-04-09 10:49:32,587 [INFO] app.routers.adms — [HANDSHAKE] SN=UNKNOWN  path=/iclock/cdata  ip=10.0.2.128
2026-04-09 10:51:15,265 [INFO] app.routers.adms — [HANDSHAKE] SN=UNKNOWN  path=/iclock/cdata  ip=10.0.2.128
2026-04-09 10:57:21,984 [ERROR] app.attendance_processor — Failed to recompute daily for emp=205 date=2024-06-01: combine() argument 1 must be datetime.date, not str
2026-04-09 11:00:22,245 [ERROR] app.attendance_processor — Failed to recompute daily for emp=205 date=2024-06-01: combine() argument 1 must be datetime.date, not str
2026-04-09 11:23:13,517 [INFO] main — Shutting down
2026-04-09 11:23:16,770 [INFO] main — Starting Attendance Management System
2026-04-09 11:23:16,780 [INFO] main — Database tables ready
2026-04-09 11:23:16,780 [INFO] main — ADMS receiver listening on http://0.0.0.0:8000/iclock/cdata
2026-04-09 11:23:16,781 [INFO] main — Device allowlist: OPEN (all devices accepted)
2026-04-09 12:10:14,770 [INFO] main — Shutting down
2026-04-09 12:10:17,776 [INFO] main — Starting Attendance Management System
2026-04-09 12:10:17,803 [INFO] main — Database tables ready
2026-04-09 12:10:17,804 [INFO] main — ADMS receiver listening on http://0.0.0.0:8000/iclock/cdata
2026-04-09 12:10:17,804 [INFO] main — Device allowlist: OPEN (all devices accepted)
2026-04-09 12:13:22,295 [INFO] main — Shutting down
2026-04-09 12:15:05,028 [INFO] main — Starting Attendance Management System
2026-04-09 12:15:05,049 [INFO] main — Database tables ready
2026-04-09 12:15:05,050 [INFO] main — ADMS receiver listening on http://0.0.0.0:8000/iclock/cdata
2026-04-09 12:15:05,050 [INFO] main — Device allowlist: OPEN (all devices accepted)
2026-04-09 12:35:52,185 [INFO] main — Starting Attendance Management System
2026-04-09 12:35:52,236 [INFO] main — Database tables ready
2026-04-09 12:35:52,236 [INFO] main — ADMS receiver listening on http://0.0.0.0:8000/iclock/cdata
2026-04-09 12:35:52,237 [INFO] main — Device allowlist: OPEN (all devices accepted)
2026-04-09 12:51:37,419 [INFO] main — Shutting down
2026-04-09 12:51:41,652 [INFO] main — Starting Attendance Management System
2026-04-09 12:51:41,697 [INFO] main — Database tables ready
2026-04-09 12:51:41,698 [INFO] main — ADMS receiver listening on http://0.0.0.0:8000/iclock/cdata
2026-04-09 12:51:41,698 [INFO] main — Device allowlist: OPEN (all devices accepted)
2026-04-09 14:24:52,368 [INFO] main — Starting Attendance Management System
2026-04-09 14:24:52,402 [INFO] main — Database tables ready
2026-04-09 14:24:52,403 [INFO] main — ADMS receiver listening on http://0.0.0.0:8000/iclock/cdata
2026-04-09 14:24:52,404 [INFO] main — Device allowlist: OPEN (all devices accepted)
2026-04-09 14:26:20,675 [ERROR] app.attendance_processor — Failed to recompute daily for emp=205 date=2024-06-01: combine() argument 1 must be datetime.date, not str
2026-04-09 14:38:30,833 [INFO] app.pull_sync — Connecting to device at 10.0.9.23:4370 for pull sync...
2026-04-09 14:38:32,183 [INFO] app.pull_sync — Device disabled. Fetching attendance records...
2026-04-09 14:38:35,000 [INFO] app.pull_sync — Fetched 5740 raw records from device
2026-04-09 14:38:35,027 [INFO] app.pull_sync — Pull complete: 5740 records fetched, 279 after date filter
2026-04-09 14:38:35,295 [INFO] app.pull_sync — Device re-enabled and disconnected
2026-04-09 15:03:00,236 [INFO] main — Shutting down
2026-04-09 15:16:01,614 [INFO] main - Starting Attendance Management System
2026-04-09 15:16:01,656 [INFO] main - Database tables ready
2026-04-09 15:16:01,656 [INFO] main - ADMS receiver listening on http://0.0.0.0:8000/iclock/cdata
2026-04-09 15:16:01,657 [INFO] main - Device allowlist: OPEN (all devices accepted)
2026-04-09 15:20:07,785 [INFO] main - Shutting down
2026-04-09 15:20:10,325 [INFO] main - Starting Attendance Management System
2026-04-09 15:20:10,331 [INFO] main - Database tables ready
2026-04-09 15:20:10,331 [INFO] main - ADMS receiver listening on http://0.0.0.0:8000/iclock/cdata
2026-04-09 15:20:10,331 [INFO] main - Device allowlist: ['CQQC232460300']
2026-04-09 15:34:23,914 [INFO] app.pull_sync - Connecting to device at 10.0.9.23:4370 for pull sync...
2026-04-09 15:34:24,025 [INFO] app.pull_sync - Device disabled. Fetching attendance records...
2026-04-09 15:34:25,562 [INFO] app.pull_sync - Fetched 5743 raw records from device
2026-04-09 15:34:25,571 [INFO] app.pull_sync - Pull complete: 5743 records fetched, 657 after date filter
2026-04-09 15:34:25,604 [INFO] app.pull_sync - Device re-enabled and disconnected
2026-04-09 15:56:30,970 [INFO] app.pull_sync - Connecting to device at 10.0.9.23:4370 for pull sync...
2026-04-09 15:56:31,073 [INFO] app.pull_sync - Device disabled. Fetching attendance records...
2026-04-09 15:56:32,641 [INFO] app.pull_sync - Fetched 5743 raw records from device
2026-04-09 15:56:32,651 [INFO] app.pull_sync - Pull complete: 5743 records fetched, 282 after date filter
2026-04-09 15:56:32,687 [INFO] app.pull_sync - Device re-enabled and disconnected
2026-04-09 16:10:48,060 [INFO] main - Shutting down
2026-04-09 16:14:13,267 [INFO] main - Starting Attendance Management System
2026-04-09 16:14:13,290 [INFO] main - Database tables ready
2026-04-09 16:14:13,290 [INFO] main - ADMS receiver listening on http://0.0.0.0:8000/iclock/cdata
2026-04-09 16:14:13,290 [INFO] main - Device allowlist: ['CQQC232460300']
2026-04-09 16:15:36,023 [INFO] app.pull_sync - Fetched 128 users from device
2026-04-09 16:15:36,070 [INFO] app.pull_sync - Created employee: id=1001 name='PRAMOD BABURAO GAIKWAD'
2026-04-09 16:15:36,075 [INFO] app.pull_sync - Created employee: id=1004 name='SUDHIR CHANDRAKANT GAVA'
2026-04-09 16:15:36,079 [INFO] app.pull_sync - Created employee: id=1007 name='Dheeraj Vitthal Bhosale'
2026-04-09 16:15:36,086 [INFO] app.pull_sync - Created employee: id=101 name='GUEST'
2026-04-09 16:15:36,094 [INFO] app.pull_sync - Created employee: id=1012 name='SWAPNIL SHASHIKANT PATI'
2026-04-09 16:15:36,098 [INFO] app.pull_sync - Created employee: id=1014 name='RAJENDRA HANMANT PATIL'
2026-04-09 16:15:36,102 [INFO] app.pull_sync - Created employee: id=1019 name='Sagar Bajirao Bhagwat'
2026-04-09 16:15:36,110 [INFO] app.pull_sync - Created employee: id=102 name='Guest'
2026-04-09 16:15:36,120 [INFO] app.pull_sync - Created employee: id=1022 name='AKSHAY ANIL DHERE'
2026-04-09 16:15:36,124 [INFO] app.pull_sync - Created employee: id=1024 name='AMIT BHOSALE'
2026-04-09 16:15:36,128 [INFO] app.pull_sync - Created employee: id=103 name='Guest'
2026-04-09 16:15:36,139 [INFO] app.pull_sync - Created employee: id=104 name='Guest'
2026-04-09 16:15:36,144 [INFO] app.pull_sync - Created employee: id=1045 name='Pradip Baburao Gaikwad'
2026-04-09 16:15:36,149 [INFO] app.pull_sync - Created employee: id=106 name='GUEST 6'
2026-04-09 16:15:36,157 [INFO] app.pull_sync - Created employee: id=1068 name='Sunil Krushnath Patil'
2026-04-09 16:15:36,161 [INFO] app.pull_sync - Created employee: id=107 name='GUEST 7'
2026-04-09 16:15:36,166 [INFO] app.pull_sync - Created employee: id=1075 name='Yogesh Shivaji Patil'
2026-04-09 16:15:36,170 [INFO] app.pull_sync - Created employee: id=108 name='GUEST 8'
2026-04-09 16:15:36,174 [INFO] app.pull_sync - Created employee: id=109 name='Guest'
2026-04-09 16:15:36,181 [INFO] app.pull_sync - Created employee: id=1096 name='KAVITA KRISHANAT GAIKWAD'
2026-04-09 16:15:36,185 [INFO] app.pull_sync - Created employee: id=1145 name='SAURABH VISHWAS PATIL'
2026-04-09 16:15:36,190 [INFO] app.pull_sync - Created employee: id=1149 name='SHUBHAM NAMDEV PATIL'
2026-04-09 16:15:36,198 [INFO] app.pull_sync - Created employee: id=1181 name='AKSHAY KUMAR MANGAVE'
2026-04-09 16:15:36,206 [INFO] app.pull_sync - Created employee: id=1219 name='NITIN SHIVAJI KAMBLE'
2026-04-09 16:15:36,212 [INFO] app.pull_sync - Created employee: id=1254 name='Harshada Mahendra Babar'
2026-04-09 16:15:36,277 [INFO] app.pull_sync - Created employee: id=2011 name='Shila Sanjay Nagarpole'
2026-04-09 16:15:36,335 [INFO] app.pull_sync - Created employee: id=2 name='Megha Pratap Patil'
2026-04-09 16:15:36,339 [INFO] app.pull_sync - Created employee: id=1584 name='AKSHAY MAHADEV MOHITE'
2026-04-09 16:15:36,342 [INFO] app.pull_sync - Created employee: id=1610 name='Sheryl Anthony Doraiswam'
2026-04-09 16:15:36,345 [INFO] app.pull_sync - Created employee: id=2006 name='Diksha Raghunath Kumbhar'
2026-04-09 16:15:36,351 [INFO] app.pull_sync - Created employee: id=1704 name='Snehal Babaso Kamble'
2026-04-09 16:15:36,359 [INFO] app.pull_sync - Created employee: id=1771 name='Shivani Dilip Bhoi'
2026-04-09 16:15:36,363 [INFO] app.pull_sync - Created employee: id=1850 name='Prajakta Mahadev Tangsal'
2026-04-09 16:15:36,366 [INFO] app.pull_sync - Created employee: id=1977 name='Shweta Arvind Patil'
2026-04-09 16:15:36,378 [INFO] app.pull_sync - Created employee: id=1985 name='Sakshi Suresh Patil'
2026-04-09 16:15:36,384 [INFO] app.pull_sync - Created employee: id=1986 name='Roshan Ananda Dhamankar'
2026-04-09 16:15:36,391 [INFO] app.pull_sync - Created employee: id=29 name='ABHIJIT RANGRAO HANDE'
2026-04-09 16:15:36,396 [INFO] app.pull_sync - Created employee: id=43 name='ABHIJEET PANDURANG KAMBL'
2026-04-09 16:15:36,402 [INFO] app.pull_sync - Created employee: id=44 name='DHIRAJ BALU MANE'
2026-04-09 16:15:36,406 [INFO] app.pull_sync - Created employee: id=98 name='98'
2026-04-09 16:15:36,411 [INFO] app.pull_sync - Created employee: id=1925 name='Ramappa Tukaram Shinge'
2026-04-09 16:15:36,415 [INFO] app.pull_sync - Created employee: id=87 name='Pooja Dattadrya Patil'
2026-04-09 16:15:36,420 [INFO] app.pull_sync - Created employee: id=89 name='Shobha Parshuram Hegade'
2026-04-09 16:15:36,445 [INFO] app.pull_sync - Created employee: id=100002 name='NN-100002'
2026-04-09 16:15:36,455 [INFO] app.pull_sync - Created employee: id=1949 name='Sharad Pandurang Pantang'
2026-04-09 16:15:36,462 [INFO] app.pull_sync - Created employee: id=2008 name='Tatoba Ranadive'
2026-04-09 16:15:36,470 [INFO] app.pull_sync - Created employee: id=2009 name='Shivani Dipak Kambe'
2026-04-09 16:15:36,475 [INFO] app.pull_sync - Created employee: id=2012 name='Shoba Vijay Kamble'
2026-04-09 16:15:36,493 [INFO] app.pull_sync - Created employee: id=2016 name='Sneha Maruti Lavhate'
2026-04-09 16:15:36,496 [INFO] app.pull_sync - Created employee: id=2031 name='Ankita Balso Khot'
2026-04-09 16:15:36,502 [INFO] app.pull_sync - Created employee: id=2033 name='Priyadarshani Sachin Asw'
2026-04-09 16:15:36,505 [INFO] app.pull_sync - Created employee: id=2034 name='Vrushali Kamlesh Yavlujk'
2026-04-09 16:15:36,511 [INFO] app.pull_sync - Created employee: id=100045 name='Digvijay Dilip Patil'
2026-04-09 16:22:21,575 [INFO] app.pull_sync - Connecting to device at 10.0.9.23:4370...
2026-04-09 16:22:23,195 [INFO] app.pull_sync - Fetched 5749 raw records from device
2026-04-09 16:22:23,198 [INFO] app.pull_sync - Pull complete: 288 records (after filter)
2026-04-13 09:14:33,910 [INFO] main - Starting Attendance Management System
2026-04-13 09:14:33,954 [INFO] main - Database tables ready
2026-04-13 09:14:33,954 [INFO] main - ADMS receiver listening on http://0.0.0.0:8000/iclock/cdata
2026-04-13 09:14:33,954 [INFO] main - Device allowlist: ['CQQC232460300']
2026-04-13 09:47:05,205 [INFO] main - Shutting down
2026-04-13 09:47:08,025 [INFO] main - Starting Attendance Management System
2026-04-13 09:47:08,067 [INFO] main - Database tables ready
2026-04-13 09:47:08,068 [INFO] main - ADMS receiver listening on http://0.0.0.0:8000/iclock/cdata
2026-04-13 09:47:08,068 [INFO] main - Device allowlist: ['CQQC232460300']
2026-04-13 09:50:12,179 [INFO] main - Shutting down
2026-04-13 09:50:14,348 [INFO] main - Starting Attendance Management System
2026-04-13 09:50:14,353 [INFO] main - Database tables ready
2026-04-13 09:50:14,353 [INFO] main - ADMS receiver listening on http://0.0.0.0:8000/iclock/cdata
2026-04-13 09:50:14,353 [INFO] main - Device allowlist: ['CQQC232460300']
2026-04-13 10:10:53,013 [INFO] main - Shutting down
2026-04-13 10:10:56,463 [INFO] main - Starting Attendance Management System
2026-04-13 10:10:56,482 [INFO] main - Database tables ready
2026-04-13 10:10:56,482 [INFO] main - ADMS receiver listening on http://0.0.0.0:8000/iclock/cdata
2026-04-13 10:10:56,482 [INFO] main - Device allowlist: ['CQQC232460300']
2026-04-13 10:14:13,852 [INFO] app.attendance_processor - reprocess_all_pending: processing 271 (employee, date) pairs
2026-04-13 10:14:16,672 [INFO] app.attendance_processor - reprocess_all_pending complete: 271 recomputed, 0 skipped (no employee), 0 errors
2026-04-13 10:51:16,887 [INFO] main - Shutting down
2026-04-13 12:30:43,807 [INFO] main - Starting Attendance Management System
2026-04-13 12:37:41,156 [INFO] main - Starting Attendance Management System
2026-04-13 12:37:41,516 [INFO] main - Database ready | ADMS â†’ http://0.0.0.0:8000/iclock/cdata
2026-04-13 12:37:41,516 [INFO] main - Dashboard      â†’ http://0.0.0.0:8000/dashboard
2026-04-13 12:37:41,517 [INFO] main - API Docs       â†’ http://0.0.0.0:8000/docs
2026-04-13 12:55:01,848 [INFO] main - Starting Attendance Management System
2026-04-13 12:55:02,090 [INFO] main - Database ready | ADMS â†’ http://0.0.0.0:8000/iclock/cdata
2026-04-13 12:55:02,091 [INFO] main - Dashboard      â†’ http://0.0.0.0:8000/dashboard
2026-04-13 12:55:02,092 [INFO] main - API Docs       â†’ http://0.0.0.0:8000/docs
2026-04-13 13:52:27,018 [INFO] main - Shutdown
2026-04-13 13:52:30,586 [INFO] main - Starting Attendance Management System
2026-04-13 13:52:30,631 [INFO] main - Database ready | ADMS â†’ http://0.0.0.0:8000/iclock/cdata
2026-04-13 13:52:30,632 [INFO] main - Dashboard      â†’ http://0.0.0.0:8000/dashboard
2026-04-13 13:52:30,632 [INFO] main - API Docs       â†’ http://0.0.0.0:8000/docs
2026-04-13 13:59:43,501 [INFO] main - Shutdown
2026-04-13 14:02:42,397 [INFO] main - Starting Attendance Management System
2026-04-13 14:02:42,430 [INFO] main - Database ready | ADMS â†’ http://0.0.0.0:8000/iclock/cdata
2026-04-13 14:02:42,431 [INFO] main - Dashboard      â†’ http://0.0.0.0:8000/dashboard
2026-04-13 14:02:42,431 [INFO] main - API Docs       â†’ http://0.0.0.0:8000/docs
2026-04-13 14:16:04,759 [INFO] main - Shutdown
2026-04-13 14:16:08,391 [INFO] main - Starting Attendance Management System
2026-04-13 14:16:08,614 [INFO] main - Database ready | ADMS â†’ http://0.0.0.0:8000/iclock/cdata
2026-04-13 14:16:08,615 [INFO] main - Dashboard      â†’ http://0.0.0.0:8000/dashboard
2026-04-13 14:16:08,616 [INFO] main - API Docs       â†’ http://0.0.0.0:8000/docs
2026-04-13 14:23:53,312 [INFO] app.pull_sync - Fetched 127 users from device
2026-04-13 14:23:53,379 [INFO] app.pull_sync - Created employee: id=1001 name='PRAMOD BABURAO GAIKWAD'
2026-04-13 14:23:53,389 [INFO] app.pull_sync - Created employee: id=1004 name='SUDHIR CHANDRAKANT GAVA'
2026-04-13 14:23:53,396 [INFO] app.pull_sync - Created employee: id=1007 name='Dheeraj Vitthal Bhosale'
2026-04-13 14:23:53,402 [INFO] app.pull_sync - Created employee: id=1009 name='PRAVIN POWAR'
2026-04-13 14:23:53,410 [INFO] app.pull_sync - Created employee: id=101 name='GUEST'
2026-04-13 14:23:53,417 [INFO] app.pull_sync - Created employee: id=1012 name='SWAPNIL SHASHIKANT PATI'
2026-04-13 14:23:53,422 [INFO] app.pull_sync - Created employee: id=1014 name='RAJENDRA HANMANT PATIL'
2026-04-13 14:23:53,431 [INFO] app.pull_sync - Created employee: id=1019 name='Sagar Bajirao Bhagwat'
2026-04-13 14:23:53,439 [INFO] app.pull_sync - Created employee: id=102 name='Guest'
2026-04-13 14:23:53,446 [INFO] app.pull_sync - Created employee: id=1020 name='SANTOSH DINKAR BENAKE'
2026-04-13 14:23:53,455 [INFO] app.pull_sync - Created employee: id=1021 name='SURAJ G SUTAR'
2026-04-13 14:23:53,460 [INFO] app.pull_sync - Created employee: id=1022 name='AKSHAY ANIL DHERE'
2026-04-13 14:23:53,468 [INFO] app.pull_sync - Created employee: id=1024 name='AMIT BHOSALE'
2026-04-13 14:23:53,474 [INFO] app.pull_sync - Created employee: id=103 name='Guest'
2026-04-13 14:23:53,483 [INFO] app.pull_sync - Created employee: id=1031 name='VISHAL VITTHAL RANADIVE'
2026-04-13 14:23:53,490 [INFO] app.pull_sync - Created employee: id=1033 name='KETAN KRISHNAT NIRUKE'
2026-04-13 14:23:53,497 [INFO] app.pull_sync - Created employee: id=104 name='Guest'
2026-04-13 14:23:53,506 [INFO] app.pull_sync - Created employee: id=1045 name='Pradip Baburao Gaikwad'
2026-04-13 14:23:53,512 [INFO] app.pull_sync - Created employee: id=106 name='GUEST 6'
2026-04-13 14:23:53,520 [INFO] app.pull_sync - Created employee: id=1060 name='ADITYA ASHOK BANSODE'
2026-04-13 14:23:53,526 [INFO] app.pull_sync - Created employee: id=1068 name='Sunil Krushnath Patil'
2026-04-13 14:23:53,533 [INFO] app.pull_sync - Created employee: id=107 name='GUEST 7'
2026-04-13 14:23:53,539 [INFO] app.pull_sync - Created employee: id=1075 name='Yogesh Shivaji Patil'
2026-04-13 14:23:53,544 [INFO] app.pull_sync - Created employee: id=108 name='GUEST 8'
2026-04-13 14:23:53,550 [INFO] app.pull_sync - Created employee: id=109 name='Guest'
2026-04-13 14:23:53,556 [INFO] app.pull_sync - Created employee: id=1096 name='KAVITA KRISHANAT GAIKWAD'
2026-04-13 14:23:53,562 [INFO] app.pull_sync - Created employee: id=1145 name='SAURABH VISHWAS PATIL'
2026-04-13 14:23:53,569 [INFO] app.pull_sync - Created employee: id=1149 name='SHUBHAM NAMDEV PATIL'
2026-04-13 14:23:53,575 [INFO] app.pull_sync - Created employee: id=1151 name='Kajal Prakash Kamble'
2026-04-13 14:23:53,582 [INFO] app.pull_sync - Created employee: id=1181 name='AKSHAY KUMAR MANGAVE'
2026-04-13 14:23:53,588 [INFO] app.pull_sync - Created employee: id=1210 name='LAGAMANNA TATYASAHEB MI'
2026-04-13 14:23:53,593 [INFO] app.pull_sync - Created employee: id=1219 name='NITIN SHIVAJI KAMBLE'
2026-04-13 14:23:53,598 [INFO] app.pull_sync - Created employee: id=1254 name='Harshada Mahendra Babar'
2026-04-13 14:23:53,604 [INFO] app.pull_sync - Created employee: id=1332 name='SANA ABID JAMADAR'
2026-04-13 14:23:53,609 [INFO] app.pull_sync - Created employee: id=1402 name='Rohit Bhagwan Mohite'
2026-04-13 14:23:53,617 [INFO] app.pull_sync - Created employee: id=1454 name='Dipeeka Dinesh Paste'
2026-04-13 14:23:53,623 [INFO] app.pull_sync - Created employee: id=1455 name='Sahil Salim Attar'
2026-04-13 14:23:53,630 [INFO] app.pull_sync - Created employee: id=1577 name='Pundlik Parashram Sulgek'
2026-04-13 14:23:53,638 [INFO] app.pull_sync - Created employee: id=2014 name='Ruturaj Shivaji Patil'
2026-04-13 14:23:53,643 [INFO] app.pull_sync - Created employee: id=1601 name='SHUBHAM SURESH HANAMANE'
2026-04-13 14:23:53,650 [INFO] app.pull_sync - Created employee: id=1617 name='GOURI HAMBIRRAO KADAM'
2026-04-13 14:23:53,655 [INFO] app.pull_sync - Created employee: id=1652 name='Rugved Hemant Bhosale'
2026-04-13 14:23:53,662 [INFO] app.pull_sync - Created employee: id=1656 name='Ruturaj Vitthal Khade'
2026-04-13 14:23:53,668 [INFO] app.pull_sync - Created employee: id=1669 name='Divya Kisan Waske'
2026-04-13 14:23:53,675 [INFO] app.pull_sync - Created employee: id=1701 name='Bhojraj Ashok Chavan'
2026-04-13 14:23:53,680 [INFO] app.pull_sync - Created employee: id=1705 name='Vikas Shankar Vitekari'
2026-04-13 14:23:53,685 [INFO] app.pull_sync - Created employee: id=1709 name='Atharv Ramesh Mirajkar'
2026-04-13 14:23:53,692 [INFO] app.pull_sync - Created employee: id=1710 name='Reshma Raju Misal'
2026-04-13 14:23:53,698 [INFO] app.pull_sync - Created employee: id=1712 name='Anuradha Aravind Adnaik'
2026-04-13 14:23:53,703 [INFO] app.pull_sync - Created employee: id=1713 name='Muttanna Shrimant Halake'
2026-04-13 14:23:53,707 [INFO] app.pull_sync - Created employee: id=1724 name='Rajvardhan Dhanaji Pati'
2026-04-13 14:23:53,711 [INFO] app.pull_sync - Created employee: id=1726 name='Sarvesh Santosh Lingam'
2026-04-13 14:23:53,716 [INFO] app.pull_sync - Created employee: id=1743 name='Saad Abid Jamadar'
2026-04-13 14:23:53,721 [INFO] app.pull_sync - Created employee: id=1772 name='Snehal Sukhdev Mane'
2026-04-13 14:23:53,727 [INFO] app.pull_sync - Created employee: id=1780 name='Vishakha Vasant Khot'
2026-04-13 14:23:53,733 [INFO] app.pull_sync - Created employee: id=1787 name='Akanksha Shahaji Patil'
2026-04-13 14:23:53,740 [INFO] app.pull_sync - Created employee: id=1788 name='Rohit Sukhdev Kamble'
2026-04-13 14:23:53,747 [INFO] app.pull_sync - Created employee: id=1807 name='Swaraj Ananda Lade'
2026-04-13 14:23:53,754 [INFO] app.pull_sync - Created employee: id=1808 name='Sunny Himmatrao Shinde'
2026-04-13 14:23:53,758 [INFO] app.pull_sync - Created employee: id=2011 name='Shila Sanjay Nagarpole'
2026-04-13 14:23:53,764 [INFO] app.pull_sync - Created employee: id=1822 name='Sourabh Tayappa Gaikwad'
2026-04-13 14:23:53,769 [INFO] app.pull_sync - Created employee: id=1827 name='1827'
2026-04-13 14:23:53,777 [INFO] app.pull_sync - Created employee: id=1835 name='Om Vijay Shelar'
2026-04-13 14:23:53,784 [INFO] app.pull_sync - Created employee: id=1839 name='Pranil Dilip Veer'
2026-04-13 14:23:53,790 [INFO] app.pull_sync - Created employee: id=1843 name='1843'
2026-04-13 14:23:53,795 [INFO] app.pull_sync - Created employee: id=1844 name='1844'
2026-04-13 14:23:53,801 [INFO] app.pull_sync - Created employee: id=1849 name='Suraj Maruti Sawant'
2026-04-13 14:23:53,808 [INFO] app.pull_sync - Created employee: id=1860 name='Aryan Gajanan Shinde'
2026-04-13 14:23:53,814 [INFO] app.pull_sync - Created employee: id=1862 name='Chaitali Suhas Pandharpu'
2026-04-13 14:23:53,821 [INFO] app.pull_sync - Created employee: id=1864 name='Chetan Balasaheb Sutar'
2026-04-13 14:23:53,826 [INFO] app.pull_sync - Created employee: id=1865 name='Siddhi Ashok Nikam'
2026-04-13 14:23:53,832 [INFO] app.pull_sync - Created employee: id=1872 name='Nitish Rajkishor Pandit'
2026-04-13 14:23:53,839 [INFO] app.pull_sync - Created employee: id=1880 name='Pradnya Balraj Bedekar'
2026-04-13 14:23:53,845 [INFO] app.pull_sync - Created employee: id=1882 name='Rahul Sampatrao Patil'
2026-04-13 14:23:53,851 [INFO] app.pull_sync - Created employee: id=1891 name='Shubhangi Ravindra Pati'
2026-04-13 14:23:53,855 [INFO] app.pull_sync - Created employee: id=1918 name='Arun Dattatray Tipugade'
2026-04-13 14:23:53,861 [INFO] app.pull_sync - Created employee: id=1921 name='Tejas Narendra Varute'
2026-04-13 14:23:53,870 [INFO] app.pull_sync - Created employee: id=1967 name='Aniruddha Parshuram Yal'
2026-04-13 14:23:53,875 [INFO] app.pull_sync - Created employee: id=1970 name='Sayali Krishnat Shinde'
2026-04-13 14:23:53,880 [INFO] app.pull_sync - Created employee: id=1973 name='Akshata Sunil Mandlik'
2026-04-13 14:23:53,886 [INFO] app.pull_sync - Created employee: id=1975 name='Shreyas Sanjay Nandavade'
2026-04-13 14:23:53,893 [INFO] app.pull_sync - Created employee: id=1980 name='Pranali Balaso Patil'
2026-04-13 14:23:53,900 [INFO] app.pull_sync - Created employee: id=1984 name='Swapnil Ananda Dalavi'
2026-04-13 14:23:53,904 [INFO] app.pull_sync - Created employee: id=1987 name='Sneha Babagouda Patil'
2026-04-13 14:23:53,909 [INFO] app.pull_sync - Created employee: id=1990 name='Supriya Bhauso Dakku'
2026-04-13 14:23:53,913 [INFO] app.pull_sync - Created employee: id=1993 name='Digvijay Arun Sutar'
2026-04-13 14:23:53,919 [INFO] app.pull_sync - Created employee: id=1996 name='Dhiraj Nivrutti Patil'
2026-04-13 14:23:53,924 [INFO] app.pull_sync - Created employee: id=1999 name='Pratik Ramesh Gone'
2026-04-13 14:23:53,929 [INFO] app.pull_sync - Created employee: id=2 name='Megha Pratap Patil'
2026-04-13 14:23:53,934 [INFO] app.pull_sync - Created employee: id=2000 name='Sayali Kiran Patil'
2026-04-13 14:23:53,939 [INFO] app.pull_sync - Created employee: id=1584 name='AKSHAY MAHADEV MOHITE'
2026-04-13 14:23:53,945 [INFO] app.pull_sync - Created employee: id=1610 name='Sheryl Anthony Doraiswam'
2026-04-13 14:23:53,950 [INFO] app.pull_sync - Created employee: id=2006 name='Diksha Raghunath Kumbhar'
2026-04-13 14:23:53,957 [INFO] app.pull_sync - Created employee: id=1704 name='Snehal Babaso Kamble'
2026-04-13 14:23:53,965 [INFO] app.pull_sync - Created employee: id=1771 name='Shivani Dilip Bhoi'
2026-04-13 14:23:53,971 [INFO] app.pull_sync - Created employee: id=1977 name='Shweta Arvind Patil'
2026-04-13 14:23:53,975 [INFO] app.pull_sync - Created employee: id=1982 name='Aniksha Ankush Navele'
2026-04-13 14:23:53,981 [INFO] app.pull_sync - Created employee: id=1985 name='Sakshi Suresh Patil'
2026-04-13 14:23:53,989 [INFO] app.pull_sync - Created employee: id=1986 name='Roshan Ananda Dhamankar'
2026-04-13 14:23:53,994 [INFO] app.pull_sync - Created employee: id=29 name='ABHIJIT RANGRAO HANDE'
2026-04-13 14:23:54,000 [INFO] app.pull_sync - Created employee: id=43 name='ABHIJEET PANDURANG KAMBL'
2026-04-13 14:23:54,006 [INFO] app.pull_sync - Created employee: id=44 name='DHIRAJ BALU MANE'
2026-04-13 14:23:54,012 [INFO] app.pull_sync - Created employee: id=98 name='98'
2026-04-13 14:23:54,020 [INFO] app.pull_sync - Created employee: id=1925 name='Ramappa Tukaram Shinge'
2026-04-13 14:23:54,026 [INFO] app.pull_sync - Created employee: id=87 name='Pooja Dattadrya Patil'
2026-04-13 14:23:54,033 [INFO] app.pull_sync - Created employee: id=89 name='Shobha Parshuram Hegade'
2026-04-13 14:23:54,038 [INFO] app.pull_sync - Created employee: id=91 name='Akash Mane'
2026-04-13 14:23:54,043 [INFO] app.pull_sync - Created employee: id=94 name='Kalpana Shinde'
2026-04-13 14:23:54,050 [INFO] app.pull_sync - Created employee: id=100015 name='NN-100015'
2026-04-13 14:23:54,056 [INFO] app.pull_sync - Created employee: id=100039 name='NN-100039'
2026-04-13 14:23:54,061 [INFO] app.pull_sync - Created employee: id=100002 name='NN-100002'
2026-04-13 14:23:54,068 [INFO] app.pull_sync - Created employee: id=100016 name='NN-100016'
2026-04-13 14:23:54,073 [INFO] app.pull_sync - Created employee: id=100001 name='NN-100001'
2026-04-13 14:23:54,080 [INFO] app.pull_sync - Created employee: id=1949 name='Sharad Pandurang Pantang'
2026-04-13 14:23:54,086 [INFO] app.pull_sync - Created employee: id=2005 name='Sameer Laxman Kolekar'
2026-04-13 14:23:54,092 [INFO] app.pull_sync - Created employee: id=2008 name='Tatoba Ranadive'
2026-04-13 14:23:54,097 [INFO] app.pull_sync - Created employee: id=2009 name='Shivani Dipak Kambe'
2026-04-13 14:23:54,104 [INFO] app.pull_sync - Created employee: id=2012 name='Shoba Vijay Kamble'
2026-04-13 14:23:54,112 [INFO] app.pull_sync - Created employee: id=2018 name='Rajvardhan Amar Shete'
2026-04-13 14:23:54,119 [INFO] app.pull_sync - Created employee: id=2019 name='Sourabh Sukhadev Panhale'
2026-04-13 14:23:54,127 [INFO] app.pull_sync - Created employee: id=1817 name='Ajinkya Vijay Hajare'
2026-04-13 14:23:54,134 [INFO] app.pull_sync - Created employee: id=2016 name='Sneha Maruti Lavhate'
2026-04-13 14:23:54,139 [INFO] app.pull_sync - Created employee: id=2031 name='Ankita Balso Khot'
2026-04-13 14:23:54,146 [INFO] app.pull_sync - Created employee: id=2032 name='Vijay Mahavir Kamble'
2026-04-13 14:23:54,152 [INFO] app.pull_sync - Created employee: id=2033 name='Priyadarshani Sachin Asw'
2026-04-13 14:23:54,158 [INFO] app.pull_sync - Created employee: id=2034 name='Vrushali Kamlesh Yavlujk'
2026-04-13 14:23:54,165 [INFO] app.pull_sync - Created employee: id=100045 name='Digvijay Dilip Patil'
2026-04-13 14:25:23,657 [INFO] app.attendance_processor - reprocess_all_pending: no punch records found
2026-04-13 14:29:02,581 [INFO] app.pull_sync - Fetched 127 users from device
2026-04-13 14:29:06,644 [INFO] app.attendance_processor - reprocess_all_pending: no punch records found
2026-04-13 14:29:11,328 [INFO] app.attendance_processor - reprocess_all_pending: no punch records found
2026-04-13 14:30:24,155 [INFO] app.pull_sync - Connecting to device at 10.0.9.23:4370...
2026-04-13 14:30:24,538 [INFO] app.pull_sync - Fetched 39 raw records from device
2026-04-13 14:30:24,539 [INFO] app.pull_sync - Pull complete: 39 records (after filter)
2026-04-13 15:10:15,421 [INFO] app.pull_sync - Connecting to device at 10.0.9.23:4370...
2026-04-13 15:10:15,831 [INFO] app.pull_sync - Fetched 40 raw records from device
2026-04-13 15:10:15,834 [INFO] app.pull_sync - Pull complete: 40 records (after filter)
2026-04-13 15:14:24,050 [INFO] app.attendance_processor - reprocess_all_pending: 23 employee-date pairs
2026-04-13 15:14:24,564 [INFO] app.attendance_processor - reprocess done: 23 ok, 0 errors
2026-04-13 15:48:59,058 [INFO] main - Shutdown
2026-04-13 15:49:17,772 [INFO] main - Starting Attendance Management System
2026-04-13 15:49:17,891 [INFO] main - Database ready | ADMS â†’ http://0.0.0.0:8000/iclock/cdata
2026-04-13 15:49:17,891 [INFO] main - Dashboard      â†’ http://0.0.0.0:8000/dashboard
2026-04-13 15:49:17,892 [INFO] main - API Docs       â†’ http://0.0.0.0:8000/docs
2026-04-13 15:50:15,228 [INFO] app.attendance_processor - reprocess_all_pending: 23 employee-date pairs to process
2026-04-13 15:50:15,579 [INFO] app.attendance_processor - reprocess_all_pending: 23 ok, 0 errors
2026-04-13 16:32:51,650 [INFO] main - Shutdown
